    13873 execve("./parent", ["./parent"], 0x7ffd8c5e8c48 /* 28 vars */) = 0 // запуск parent
13873 brk(NULL)                         = 0xd806000
13873 mmap(NULL, 8192, PROT_READ|PROT_WRITE, MAP_PRIVATE|MAP_ANONYMOUS, -1, 0) = 0x7f39c41ef000
13873 access("/etc/ld.so.preload", R_OK) = -1 ENOENT (No such file or directory)
13873 openat(AT_FDCWD, "/etc/ld.so.cache", O_RDONLY|O_CLOEXEC) = 3
13873 newfstatat(3, "", {st_mode=S_IFREG|0644, st_size=33091, ...}, AT_EMPTY_PATH) = 0
13873 mmap(NULL, 33091, PROT_READ, MAP_PRIVATE, 3, 0) = 0x7f39c41e6000
13873 close(3)                          = 0
13873 openat(AT_FDCWD, "/usr/local/lib64/libstdc++.so.6", O_RDONLY|O_CLOEXEC) = 3
13873 read(3, "\177ELF\2\1\1\3\0\0\0\0\0\0\0\0\3\0>\0\1\0\0\0\0\0\0\0\0\0\0\0"..., 832) = 832
13873 newfstatat(3, "", {st_mode=S_IFREG|0755, st_size=2530008, ...}, AT_EMPTY_PATH) = 0
13873 mmap(NULL, 2543808, PROT_READ, MAP_PRIVATE|MAP_DENYWRITE, 3, 0) = 0x7f39c3f78000
13873 mmap(0x7f39c401d000, 1216512, PROT_READ|PROT_EXEC, MAP_PRIVATE|MAP_FIXED|MAP_DENYWRITE, 3, 0xa5000) = 0x7f39c401d000
13873 mmap(0x7f39c4146000, 581632, PROT_READ, MAP_PRIVATE|MAP_FIXED|MAP_DENYWRITE, 3, 0x1ce000) = 0x7f39c4146000
13873 mmap(0x7f39c41d4000, 57344, PROT_READ|PROT_WRITE, MAP_PRIVATE|MAP_FIXED|MAP_DENYWRITE, 3, 0x25c000) = 0x7f39c41d4000
13873 mmap(0x7f39c41e2000, 12480, PROT_READ|PROT_WRITE, MAP_PRIVATE|MAP_FIXED|MAP_ANONYMOUS, -1, 0) = 0x7f39c41e2000
13873 close(3)                          = 0
13873 openat(AT_FDCWD, "/lib/x86_64-linux-gnu/libm.so.6", O_RDONLY|O_CLOEXEC) = 3
13873 read(3, "\177ELF\2\1\1\3\0\0\0\0\0\0\0\0\3\0>\0\1\0\0\0\0\0\0\0\0\0\0\0"..., 832) = 832
13873 newfstatat(3, "", {st_mode=S_IFREG|0644, st_size=911904, ...}, AT_EMPTY_PATH) = 0
13873 mmap(NULL, 913680, PROT_READ, MAP_PRIVATE|MAP_DENYWRITE, 3, 0) = 0x7f39c3e98000
13873 mmap(0x7f39c3ea8000, 475136, PROT_READ|PROT_EXEC, MAP_PRIVATE|MAP_FIXED|MAP_DENYWRITE, 3, 0x10000) = 0x7f39c3ea8000
13873 mmap(0x7f39c3f1c000, 368640, PROT_READ, MAP_PRIVATE|MAP_FIXED|MAP_DENYWRITE, 3, 0x84000) = 0x7f39c3f1c000
13873 mmap(0x7f39c3f76000, 8192, PROT_READ|PROT_WRITE, MAP_PRIVATE|MAP_FIXED|MAP_DENYWRITE, 3, 0xdd000) = 0x7f39c3f76000
13873 close(3)                          = 0
13873 openat(AT_FDCWD, "/usr/local/lib64/libgcc_s.so.1", O_RDONLY|O_CLOEXEC) = 3
13873 read(3, "\177ELF\2\1\1\0\0\0\0\0\0\0\0\0\3\0>\0\1\0\0\0\0\0\0\0\0\0\0\0"..., 832) = 832
13873 newfstatat(3, "", {st_mode=S_IFREG|0644, st_size=906528, ...}, AT_EMPTY_PATH) = 0
13873 mmap(NULL, 181160, PROT_READ, MAP_PRIVATE|MAP_DENYWRITE, 3, 0) = 0x7f39c3e6b000
13873 mmap(0x7f39c3e6f000, 143360, PROT_READ|PROT_EXEC, MAP_PRIVATE|MAP_FIXED|MAP_DENYWRITE, 3, 0x4000) = 0x7f39c3e6f000
13873 mmap(0x7f39c3e92000, 16384, PROT_READ, MAP_PRIVATE|MAP_FIXED|MAP_DENYWRITE, 3, 0x27000) = 0x7f39c3e92000
13873 mmap(0x7f39c3e96000, 8192, PROT_READ|PROT_WRITE, MAP_PRIVATE|MAP_FIXED|MAP_DENYWRITE, 3, 0x2b000) = 0x7f39c3e96000
13873 close(3)                          = 0
13873 openat(AT_FDCWD, "/lib/x86_64-linux-gnu/libc.so.6", O_RDONLY|O_CLOEXEC) = 3
13873 read(3, "\177ELF\2\1\1\3\0\0\0\0\0\0\0\0\3\0>\0\1\0\0\0\20t\2\0\0\0\0\0"..., 832) = 832
13873 pread64(3, "\6\0\0\0\4\0\0\0@\0\0\0\0\0\0\0@\0\0\0\0\0\0\0@\0\0\0\0\0\0\0"..., 784, 64) = 784
13873 newfstatat(3, "", {st_mode=S_IFREG|0755, st_size=1926232, ...}, AT_EMPTY_PATH) = 0
13873 pread64(3, "\6\0\0\0\4\0\0\0@\0\0\0\0\0\0\0@\0\0\0\0\0\0\0@\0\0\0\0\0\0\0"..., 784, 64) = 784
13873 mmap(NULL, 1974096, PROT_READ, MAP_PRIVATE|MAP_DENYWRITE, 3, 0) = 0x7f39c3c89000
13873 mmap(0x7f39c3caf000, 1400832, PROT_READ|PROT_EXEC, MAP_PRIVATE|MAP_FIXED|MAP_DENYWRITE, 3, 0x26000) = 0x7f39c3caf000
13873 mmap(0x7f39c3e05000, 339968, PROT_READ, MAP_PRIVATE|MAP_FIXED|MAP_DENYWRITE, 3, 0x17c000) = 0x7f39c3e05000
13873 mmap(0x7f39c3e58000, 24576, PROT_READ|PROT_WRITE, MAP_PRIVATE|MAP_FIXED|MAP_DENYWRITE, 3, 0x1cf000) = 0x7f39c3e58000
13873 mmap(0x7f39c3e5e000, 53072, PROT_READ|PROT_WRITE, MAP_PRIVATE|MAP_FIXED|MAP_ANONYMOUS, -1, 0) = 0x7f39c3e5e000
13873 close(3)                          = 0
13873 mmap(NULL, 8192, PROT_READ|PROT_WRITE, MAP_PRIVATE|MAP_ANONYMOUS, -1, 0) = 0x7f39c3c87000
13873 mmap(NULL, 12288, PROT_READ|PROT_WRITE, MAP_PRIVATE|MAP_ANONYMOUS, -1, 0) = 0x7f39c3c84000
13873 arch_prctl(ARCH_SET_FS, 0x7f39c3c84740) = 0
13873 set_tid_address(0x7f39c3c84a10)   = 13873
13873 set_robust_list(0x7f39c3c84a20, 24) = 0
13873 rseq(0x7f39c3c85060, 0x20, 0, 0x53053053) = 0
13873 mprotect(0x7f39c3e58000, 16384, PROT_READ) = 0
13873 mprotect(0x7f39c3e96000, 4096, PROT_READ) = 0
13873 mprotect(0x7f39c3f76000, 4096, PROT_READ) = 0
13873 mprotect(0x7f39c41d4000, 45056, PROT_READ) = 0
13873 mprotect(0x404000, 4096, PROT_READ) = 0
13873 mprotect(0x7f39c4222000, 8192, PROT_READ) = 0
13873 prlimit64(0, RLIMIT_STACK, NULL, {rlim_cur=8192*1024, rlim_max=RLIM64_INFINITY}) = 0
13873 munmap(0x7f39c41e6000, 33091)     = 0
13873 futex(0x7f39c41e273c, FUTEX_WAKE_PRIVATE, 2147483647) = 0
13873 getrandom("\xef\x28\x4e\x58\x9c\x71\xa0\x5e", 8, GRND_NONBLOCK) = 8
13873 brk(NULL)                         = 0xd806000
13873 brk(0xd827000)                    = 0xd827000
13873 newfstatat(0, "", {st_mode=S_IFCHR|0620, st_rdev=makedev(0x88, 0), ...}, AT_EMPTY_PATH) = 0
    13873 read(0, "10 5 2 4\n", 1024)       = 9 // чтение входных данных родителем
13873 read(0, "", 1024)                 = 0
    13873 openat(AT_FDCWD, "shared.bin", O_RDWR|O_CREAT|O_TRUNC, 0666) = 3
    13873 ftruncate(3, 264)                 = 0
    13873 mmap(NULL, 264, PROT_READ|PROT_WRITE, MAP_SHARED, 3, 0) = 0x7f39c41ee000 \\ создание и отображение shared memory
13873 close(3)                          = 0
    13873 clone(child_stack=NULL, flags=CLONE_CHILD_CLEARTID|CLONE_CHILD_SETTID|SIGCHLD, child_tidptr=0x7f39c3c84a10) = 13937 // создается дочерний процесс
13937 set_robust_list(0x7f39c3c84a20, 24 <unfinished ...>
    13873 wait4(-1,  <unfinished ...>  // ожидание завершения дочернего процесса
13937 <... set_robust_list resumed>)    = 0
    13937 execve("./child", ["child"], 0x7fff67ed3298 /* 28 vars */) = 0  // запуск дочернего процесса
13937 brk(NULL)                         = 0x3d1c0000
13937 mmap(NULL, 8192, PROT_READ|PROT_WRITE, MAP_PRIVATE|MAP_ANONYMOUS, -1, 0) = 0x7f64047e2000
13937 access("/etc/ld.so.preload", R_OK) = -1 ENOENT (No such file or directory)
13937 openat(AT_FDCWD, "/etc/ld.so.cache", O_RDONLY|O_CLOEXEC) = 3
13937 newfstatat(3, "", {st_mode=S_IFREG|0644, st_size=33091, ...}, AT_EMPTY_PATH) = 0
13937 mmap(NULL, 33091, PROT_READ, MAP_PRIVATE, 3, 0) = 0x7f64047d9000
13937 close(3)                          = 0
13937 openat(AT_FDCWD, "/usr/local/lib64/libstdc++.so.6", O_RDONLY|O_CLOEXEC) = 3
13937 read(3, "\177ELF\2\1\1\3\0\0\0\0\0\0\0\0\3\0>\0\1\0\0\0\0\0\0\0\0\0\0\0"..., 832) = 832
13937 newfstatat(3, "", {st_mode=S_IFREG|0755, st_size=2530008, ...}, AT_EMPTY_PATH) = 0
13937 mmap(NULL, 2543808, PROT_READ, MAP_PRIVATE|MAP_DENYWRITE, 3, 0) = 0x7f640456b000
13937 mmap(0x7f6404610000, 1216512, PROT_READ|PROT_EXEC, MAP_PRIVATE|MAP_FIXED|MAP_DENYWRITE, 3, 0xa5000) = 0x7f6404610000
13937 mmap(0x7f6404739000, 581632, PROT_READ, MAP_PRIVATE|MAP_FIXED|MAP_DENYWRITE, 3, 0x1ce000) = 0x7f6404739000
13937 mmap(0x7f64047c7000, 57344, PROT_READ|PROT_WRITE, MAP_PRIVATE|MAP_FIXED|MAP_DENYWRITE, 3, 0x25c000) = 0x7f64047c7000
13937 mmap(0x7f64047d5000, 12480, PROT_READ|PROT_WRITE, MAP_PRIVATE|MAP_FIXED|MAP_ANONYMOUS, -1, 0) = 0x7f64047d5000
13937 close(3)                          = 0
13937 openat(AT_FDCWD, "/lib/x86_64-linux-gnu/libm.so.6", O_RDONLY|O_CLOEXEC) = 3
13937 read(3, "\177ELF\2\1\1\3\0\0\0\0\0\0\0\0\3\0>\0\1\0\0\0\0\0\0\0\0\0\0\0"..., 832) = 832
13937 newfstatat(3, "", {st_mode=S_IFREG|0644, st_size=911904, ...}, AT_EMPTY_PATH) = 0
13937 mmap(NULL, 913680, PROT_READ, MAP_PRIVATE|MAP_DENYWRITE, 3, 0) = 0x7f640448b000
13937 mmap(0x7f640449b000, 475136, PROT_READ|PROT_EXEC, MAP_PRIVATE|MAP_FIXED|MAP_DENYWRITE, 3, 0x10000) = 0x7f640449b000
13937 mmap(0x7f640450f000, 368640, PROT_READ, MAP_PRIVATE|MAP_FIXED|MAP_DENYWRITE, 3, 0x84000) = 0x7f640450f000
13937 mmap(0x7f6404569000, 8192, PROT_READ|PROT_WRITE, MAP_PRIVATE|MAP_FIXED|MAP_DENYWRITE, 3, 0xdd000) = 0x7f6404569000
13937 close(3)                          = 0
13937 openat(AT_FDCWD, "/usr/local/lib64/libgcc_s.so.1", O_RDONLY|O_CLOEXEC) = 3
13937 read(3, "\177ELF\2\1\1\0\0\0\0\0\0\0\0\0\3\0>\0\1\0\0\0\0\0\0\0\0\0\0\0"..., 832) = 832
13937 newfstatat(3, "", {st_mode=S_IFREG|0644, st_size=906528, ...}, AT_EMPTY_PATH) = 0
13937 mmap(NULL, 181160, PROT_READ, MAP_PRIVATE|MAP_DENYWRITE, 3, 0) = 0x7f640445e000
13937 mmap(0x7f6404462000, 143360, PROT_READ|PROT_EXEC, MAP_PRIVATE|MAP_FIXED|MAP_DENYWRITE, 3, 0x4000) = 0x7f6404462000
13937 mmap(0x7f6404485000, 16384, PROT_READ, MAP_PRIVATE|MAP_FIXED|MAP_DENYWRITE, 3, 0x27000) = 0x7f6404485000
13937 mmap(0x7f6404489000, 8192, PROT_READ|PROT_WRITE, MAP_PRIVATE|MAP_FIXED|MAP_DENYWRITE, 3, 0x2b000) = 0x7f6404489000
13937 close(3)                          = 0
13937 openat(AT_FDCWD, "/lib/x86_64-linux-gnu/libc.so.6", O_RDONLY|O_CLOEXEC) = 3
13937 read(3, "\177ELF\2\1\1\3\0\0\0\0\0\0\0\0\3\0>\0\1\0\0\0\20t\2\0\0\0\0\0"..., 832) = 832
13937 pread64(3, "\6\0\0\0\4\0\0\0@\0\0\0\0\0\0\0@\0\0\0\0\0\0\0@\0\0\0\0\0\0\0"..., 784, 64) = 784
13937 newfstatat(3, "", {st_mode=S_IFREG|0755, st_size=1926232, ...}, AT_EMPTY_PATH) = 0
13937 pread64(3, "\6\0\0\0\4\0\0\0@\0\0\0\0\0\0\0@\0\0\0\0\0\0\0@\0\0\0\0\0\0\0"..., 784, 64) = 784
13937 mmap(NULL, 1974096, PROT_READ, MAP_PRIVATE|MAP_DENYWRITE, 3, 0) = 0x7f640427c000
13937 mmap(0x7f64042a2000, 1400832, PROT_READ|PROT_EXEC, MAP_PRIVATE|MAP_FIXED|MAP_DENYWRITE, 3, 0x26000) = 0x7f64042a2000
13937 mmap(0x7f64043f8000, 339968, PROT_READ, MAP_PRIVATE|MAP_FIXED|MAP_DENYWRITE, 3, 0x17c000) = 0x7f64043f8000
13937 mmap(0x7f640444b000, 24576, PROT_READ|PROT_WRITE, MAP_PRIVATE|MAP_FIXED|MAP_DENYWRITE, 3, 0x1cf000) = 0x7f640444b000
13937 mmap(0x7f6404451000, 53072, PROT_READ|PROT_WRITE, MAP_PRIVATE|MAP_FIXED|MAP_ANONYMOUS, -1, 0) = 0x7f6404451000
13937 close(3)                          = 0
13937 mmap(NULL, 8192, PROT_READ|PROT_WRITE, MAP_PRIVATE|MAP_ANONYMOUS, -1, 0) = 0x7f640427a000
13937 arch_prctl(ARCH_SET_FS, 0x7f640427b480) = 0
13937 set_tid_address(0x7f640427b750)   = 13937
13937 set_robust_list(0x7f640427b760, 24) = 0
13937 rseq(0x7f640427bda0, 0x20, 0, 0x53053053) = 0
13937 mprotect(0x7f640444b000, 16384, PROT_READ) = 0
13937 mprotect(0x7f6404489000, 4096, PROT_READ) = 0
13937 mprotect(0x7f6404569000, 4096, PROT_READ) = 0
13937 mmap(NULL, 8192, PROT_READ|PROT_WRITE, MAP_PRIVATE|MAP_ANONYMOUS, -1, 0) = 0x7f6404278000
13937 mprotect(0x7f64047c7000, 45056, PROT_READ) = 0
13937 mprotect(0x403000, 4096, PROT_READ) = 0
13937 mprotect(0x7f6404815000, 8192, PROT_READ) = 0
13937 prlimit64(0, RLIMIT_STACK, NULL, {rlim_cur=8192*1024, rlim_max=RLIM64_INFINITY}) = 0
13937 munmap(0x7f64047d9000, 33091)     = 0
13937 futex(0x7f64047d573c, FUTEX_WAKE_PRIVATE, 2147483647) = 0
13937 getrandom("\xa4\x06\x67\x55\xac\x1c\xa0\x16", 8, GRND_NONBLOCK) = 8
13937 brk(NULL)                         = 0x3d1c0000
13937 brk(0x3d1e1000)                   = 0x3d1e1000
    13937 openat(AT_FDCWD, "shared.bin", O_RDWR) = 3
    13937 mmap(NULL, 264, PROT_READ|PROT_WRITE, MAP_SHARED, 3, 0) = 0x7f64047e1000 // подключение к shared memory
13937 close(3)                          = 0
    13937 openat(AT_FDCWD, "output.txt", O_WRONLY|O_CREAT|O_TRUNC, 0666) = 3
    13937 newfstatat(3, "", {st_mode=S_IFREG|0644, st_size=0, ...}, AT_EMPTY_PATH) = 0
    13937 write(3, "2.000000\n5.000000\n2.500000\n", 27) = 27 // запись результатов в файл
13937 close(3)                          = 0
13937 munmap(0x7f64047e1000, 264)       = 0
13937 exit_group(0)                     = ?
13937 +++ exited with 0 +++
13873 <... wait4 resumed>NULL, 0, NULL) = 13937
13873 --- SIGCHLD {si_signo=SIGCHLD, si_code=CLD_EXITED, si_pid=13937, si_uid=0, si_status=0, si_utime=0, si_stime=0} ---
    13873 munmap(0x7f39c41ee000, 264)       = 0
    13873 exit_group(0)                     = ?
    13873 +++ exited with 0 +++  // освобождение shared memory и завершение parent
